2025-05-02 09:39:42,615 WARNING Connection pool is full, discarding connection: query2.finance.yahoo.com. Connection pool size: 10
2025-05-02 09:39:42,645 WARNING Connection pool is full, discarding connection: query2.finance.yahoo.com. Connection pool size: 10
2025-05-02 09:39:46,543 ERROR 404 Client Error: Not Found for url: https://query2.finance.yahoo.com/v10/finance/quoteSummary/ANG%5EB?modules=financialData%2CquoteType%2CdefaultKeyStatistics%2CassetProfile%2CsummaryDetail&corsDomain=finance.yahoo.com&formatted=false&symbol=ANG%5EB&crumb=bycsTRlXUHC
2025-05-02 09:39:46,544 ERROR 404 Client Error: Not Found for url: https://query2.finance.yahoo.com/v10/finance/quoteSummary/DLR%5EL?modules=financialData%2CquoteType%2CdefaultKeyStatistics%2CassetProfile%2CsummaryDetail&corsDomain=finance.yahoo.com&formatted=false&symbol=DLR%5EL&crumb=bycsTRlXUHC
2025-05-02 09:39:46,544 ERROR 404 Client Error: Not Found for url: https://query2.finance.yahoo.com/v10/finance/quoteSummary/GAB%5EH?modules=financialData%2CquoteType%2CdefaultKeyStatistics%2CassetProfile%2CsummaryDetail&corsDomain=finance.yahoo.com&formatted=false&symbol=GAB%5EH&crumb=bycsTRlXUHC
2025-05-02 09:39:47,189 WARNING [SABSW] Missing data fields: ['marketCap']
2025-05-02 09:39:47,331 WARNING Connection pool is full, discarding connection: query1.finance.yahoo.com. Connection pool size: 9
2025-05-02 09:39:47,821 ERROR Error processing PLAB: load_cache() missing 1 required positional argument: 'cache_file'
2025-05-02 09:39:47,854 WARNING Connection pool is full, discarding connection: query1.finance.yahoo.com. Connection pool size: 10
2025-05-02 09:39:49,849 WARNING [BHFAO] Missing data fields: ['marketCap']
2025-05-02 09:39:50,541 ERROR 404 Client Error: Not Found for url: https://query2.finance.yahoo.com/v10/finance/quoteSummary/CMS%5EC?modules=financialData%2CquoteType%2CdefaultKeyStatistics%2CassetProfile%2CsummaryDetail&corsDomain=finance.yahoo.com&formatted=false&symbol=CMS%5EC&crumb=bycsTRlXUHC
2025-05-02 09:39:52,271 ERROR 404 Client Error: Not Found for url: https://query2.finance.yahoo.com/v10/finance/quoteSummary/PBI%5EB?modules=financialData%2CquoteType%2CdefaultKeyStatistics%2CassetProfile%2CsummaryDetail&corsDomain=finance.yahoo.com&formatted=false&symbol=PBI%5EB&crumb=bycsTRlXUHC
2025-05-02 09:39:53,755 ERROR 404 Client Error: Not Found for url: https://query2.finance.yahoo.com/v10/finance/quoteSummary/AHL%5EF?modules=financialData%2CquoteType%2CdefaultKeyStatistics%2CassetProfile%2CsummaryDetail&corsDomain=finance.yahoo.com&formatted=false&symbol=AHL%5EF&crumb=bycsTRlXUHC
2025-05-02 09:39:57,515 WARNING [HTOOW] Missing data fields: ['marketCap']
2025-05-02 09:39:57,544 ERROR 404 Client Error: Not Found for url: https://query2.finance.yahoo.com/v10/finance/quoteSummary/PCG%5EX?modules=financialData%2CquoteType%2CdefaultKeyStatistics%2CassetProfile%2CsummaryDetail&corsDomain=finance.yahoo.com&formatted=false&symbol=PCG%5EX&crumb=bycsTRlXUHC
2025-05-02 09:39:58,042 WARNING [FRD] Missing data fields: ['totalDebt', 'totalCash']
2025-05-02 09:39:58,251 WARNING Connection pool is full, discarding connection: query2.finance.yahoo.com. Connection pool size: 10
2025-05-02 09:40:02,209 ERROR 404 Client Error: Not Found for url: https://query2.finance.yahoo.com/v10/finance/quoteSummary/RITM%5EB?modules=financialData%2CquoteType%2CdefaultKeyStatistics%2CassetProfile%2CsummaryDetail&corsDomain=finance.yahoo.com&formatted=false&symbol=RITM%5EB&crumb=bycsTRlXUHC
2025-05-02 09:40:02,874 WARNING Connection pool is full, discarding connection: query1.finance.yahoo.com. Connection pool size: 10
2025-05-02 09:40:03,308 WARNING Connection pool is full, discarding connection: query1.finance.yahoo.com. Connection pool size: 10
2025-05-02 09:40:03,946 ERROR Error processing MTH: load_cache() missing 1 required positional argument: 'cache_file'
2025-05-02 09:40:05,991 ERROR 404 Client Error: Not Found for url: https://query2.finance.yahoo.com/v10/finance/quoteSummary/SF%5ED?modules=financialData%2CquoteType%2CdefaultKeyStatistics%2CassetProfile%2CsummaryDetail&corsDomain=finance.yahoo.com&formatted=false&symbol=SF%5ED&crumb=bycsTRlXUHC
2025-05-02 09:40:07,002 WARNING Connection pool is full, discarding connection: query1.finance.yahoo.com. Connection pool size: 10
2025-05-02 09:40:07,002 WARNING Connection pool is full, discarding connection: query1.finance.yahoo.com. Connection pool size: 10
2025-05-02 09:40:08,897 ERROR Error processing EMN: load_cache() missing 1 required positional argument: 'cache_file'
2025-05-02 09:40:09,440 ERROR Error processing MTG: load_cache() missing 1 required positional argument: 'cache_file'
2025-05-02 09:40:12,024 WARNING [DSM] Missing data fields: ['totalCash']
2025-05-02 09:40:12,041 ERROR 404 Client Error: Not Found for url: https://query2.finance.yahoo.com/v10/finance/quoteSummary/ATH%5EA?modules=financialData%2CquoteType%2CdefaultKeyStatistics%2CassetProfile%2CsummaryDetail&corsDomain=finance.yahoo.com&formatted=false&symbol=ATH%5EA&crumb=bycsTRlXUHC
2025-05-02 09:40:13,390 ERROR 404 Client Error: Not Found for url: https://query2.finance.yahoo.com/v10/finance/quoteSummary/GUT%5EC?modules=financialData%2CquoteType%2CdefaultKeyStatistics%2CassetProfile%2CsummaryDetail&corsDomain=finance.yahoo.com&formatted=false&symbol=GUT%5EC&crumb=bycsTRlXUHC
2025-05-02 09:40:13,698 WARNING [KIO] Missing data fields: ['priceToBook', 'totalDebt', 'totalCash']
2025-05-02 09:40:14,259 WARNING Connection pool is full, discarding connection: query1.finance.yahoo.com. Connection pool size: 10
2025-05-02 09:40:14,400 WARNING Connection pool is full, discarding connection: query1.finance.yahoo.com. Connection pool size: 10
2025-05-02 09:40:16,622 ERROR 404 Client Error: Not Found for url: https://query2.finance.yahoo.com/v10/finance/quoteSummary/PSA%5EN?modules=financialData%2CquoteType%2CdefaultKeyStatistics%2CassetProfile%2CsummaryDetail&corsDomain=finance.yahoo.com&formatted=false&symbol=PSA%5EN&crumb=bycsTRlXUHC
2025-05-02 09:40:17,612 WARNING Connection pool is full, discarding connection: query1.finance.yahoo.com. Connection pool size: 10
2025-05-02 09:40:17,947 ERROR Error processing SITC: load_cache() missing 1 required positional argument: 'cache_file'
2025-05-02 09:40:18,807 WARNING [STEW] Missing data fields: ['totalCash']
2025-05-02 09:40:21,525 ERROR Error processing SBS: load_cache() missing 1 required positional argument: 'cache_file'
2025-05-02 09:40:23,786 ERROR 404 Client Error: Not Found for url: https://query2.finance.yahoo.com/v10/finance/quoteSummary/RIV%5EA?modules=financialData%2CquoteType%2CdefaultKeyStatistics%2CassetProfile%2CsummaryDetail&corsDomain=finance.yahoo.com&formatted=false&symbol=RIV%5EA&crumb=bycsTRlXUHC
2025-05-02 09:40:27,669 ERROR 404 Client Error: Not Found for url: https://query2.finance.yahoo.com/v10/finance/quoteSummary/GS%5ED?modules=financialData%2CquoteType%2CdefaultKeyStatistics%2CassetProfile%2CsummaryDetail&corsDomain=finance.yahoo.com&formatted=false&symbol=GS%5ED&crumb=bycsTRlXUHC
2025-05-02 09:40:27,672 WARNING [RSF] Missing data fields: ['priceToBook', 'totalDebt', 'totalCash']
2025-05-02 09:40:30,663 ERROR 404 Client Error: Not Found for url: https://query2.finance.yahoo.com/v10/finance/quoteSummary/BAC%5EK?modules=financialData%2CquoteType%2CdefaultKeyStatistics%2CassetProfile%2CsummaryDetail&corsDomain=finance.yahoo.com&formatted=false&symbol=BAC%5EK&crumb=bycsTRlXUHC
2025-05-02 09:40:31,183 WARNING [PFD] Missing data fields: ['totalCash']
2025-05-02 09:40:31,606 WARNING Connection pool is full, discarding connection: query1.finance.yahoo.com. Connection pool size: 10
2025-05-02 09:40:31,673 WARNING Connection pool is full, discarding connection: query1.finance.yahoo.com. Connection pool size: 10
2025-05-02 09:40:33,648 WARNING [CHY] Missing data fields: ['totalCash']
2025-05-02 09:40:36,666 ERROR 500 Server Error: No valid server. for url: https://query2.finance.yahoo.com/v10/finance/quoteSummary/CRD/A?modules=financialData%2CquoteType%2CdefaultKeyStatistics%2CassetProfile%2CsummaryDetail&corsDomain=finance.yahoo.com&formatted=false&symbol=CRD%2FA&crumb=bycsTRlXUHC
2025-05-02 09:40:36,699 WARNING [ASRV] Missing data fields: ['totalCash']
2025-05-02 09:40:38,867 ERROR Error fetching data for CRD/A: Failed to parse json response from Yahoo Finance: {'code': 'Not Found', 'description': 'HTTP 404 Not Found'}
2025-05-02 09:40:38,867 ERROR Stack trace:
Traceback (most recent call last):
  File "/Users/thomasgeorgiou/Documents/Coding/value-investing-ai/ValueInvesting-AI-Analysis/services/stock_service.py", line 9, in fetch_stock_data
    info = stock.info
  File "/Users/thomasgeorgiou/Documents/Coding/value-investing-ai/ValueInvesting-AI-Analysis/venv/lib/python3.10/site-packages/yfinance/ticker.py", line 159, in info
    return self.get_info()
  File "/Users/thomasgeorgiou/Documents/Coding/value-investing-ai/ValueInvesting-AI-Analysis/venv/lib/python3.10/site-packages/yfinance/base.py", line 288, in get_info
    data = self._quote.info
  File "/Users/thomasgeorgiou/Documents/Coding/value-investing-ai/ValueInvesting-AI-Analysis/venv/lib/python3.10/site-packages/yfinance/scrapers/quote.py", line 512, in info
    self._fetch_complementary()
  File "/Users/thomasgeorgiou/Documents/Coding/value-investing-ai/ValueInvesting-AI-Analysis/venv/lib/python3.10/site-packages/yfinance/scrapers/quote.py", line 712, in _fetch_complementary
    raise YFException("Failed to parse json response from Yahoo Finance: " + str(json_result["error"]))
yfinance.exceptions.YFException: Failed to parse json response from Yahoo Finance: {'code': 'Not Found', 'description': 'HTTP 404 Not Found'}
2025-05-02 09:40:39,500 ERROR Error processing PSHG: load_cache() missing 1 required positional argument: 'cache_file'
2025-05-02 09:40:39,708 WARNING Connection pool is full, discarding connection: query2.finance.yahoo.com. Connection pool size: 10
2025-05-02 09:40:41,982 ERROR Error processing UGP: load_cache() missing 1 required positional argument: 'cache_file'
2025-05-02 09:40:42,891 WARNING [ZIONP] Missing data fields: ['marketCap']
2025-05-02 09:40:43,216 ERROR Error processing CMRE: load_cache() missing 1 required positional argument: 'cache_file'
2025-05-02 09:40:44,892 ERROR 404 Client Error: Not Found for url: https://query2.finance.yahoo.com/v10/finance/quoteSummary/TEN%5EF?modules=financialData%2CquoteType%2CdefaultKeyStatistics%2CassetProfile%2CsummaryDetail&corsDomain=finance.yahoo.com&formatted=false&symbol=TEN%5EF&crumb=bycsTRlXUHC
2025-05-02 09:40:45,935 WARNING Connection pool is full, discarding connection: query1.finance.yahoo.com. Connection pool size: 10
2025-05-02 09:40:46,272 WARNING Connection pool is full, discarding connection: query1.finance.yahoo.com. Connection pool size: 10
2025-05-02 09:40:48,314 ERROR 404 Client Error: Not Found for url: https://query2.finance.yahoo.com/v10/finance/quoteSummary/GNL%5EA?modules=financialData%2CquoteType%2CdefaultKeyStatistics%2CassetProfile%2CsummaryDetail&corsDomain=finance.yahoo.com&formatted=false&symbol=GNL%5EA&crumb=bycsTRlXUHC
2025-05-02 09:40:51,514 ERROR Error processing JFIN: load_cache() missing 1 required positional argument: 'cache_file'
2025-05-02 09:40:55,144 ERROR 404 Client Error: Not Found for url: https://query2.finance.yahoo.com/v10/finance/quoteSummary/RWT%5EA?modules=financialData%2CquoteType%2CdefaultKeyStatistics%2CassetProfile%2CsummaryDetail&corsDomain=finance.yahoo.com&formatted=false&symbol=RWT%5EA&crumb=bycsTRlXUHC
2025-05-02 09:41:03,652 ERROR Error processing PR: load_cache() missing 1 required positional argument: 'cache_file'
